[10-Jun-2024 16:19:12] NOTICE: fpm is running, pid 3954
[10-Jun-2024 16:19:12] NOTICE: ready to handle connections
[10-Jun-2024 16:35:29] NOTICE: Terminating ...
[10-Jun-2024 16:35:29] NOTICE: Terminating ...
[10-Jun-2024 16:35:29] NOTICE: exiting, bye-bye!
[10-Jun-2024 16:35:42] NOTICE: fpm is running, pid 5614
[10-Jun-2024 16:35:42] NOTICE: ready to handle connections
[14-Jun-2024 15:29:52] NOTICE: fpm is running, pid 40511
[14-Jun-2024 15:29:52] NOTICE: ready to handle connections
[17-Jun-2024 15:56:02] NOTICE: Terminating ...
[17-Jun-2024 15:56:02] NOTICE: Terminating ...
[17-Jun-2024 15:56:02] NOTICE: exiting, bye-bye!
[17-Jun-2024 15:56:05] NOTICE: fpm is running, pid 98481
[17-Jun-2024 15:56:05] NOTICE: ready to handle connections
[19-Jun-2024 00:48:47] NOTICE: Terminating ...
[19-Jun-2024 00:48:47] NOTICE: Terminating ...
[19-Jun-2024 00:48:47] NOTICE: exiting, bye-bye!
[19-Jun-2024 16:27:42] NOTICE: fpm is running, pid 4052
[19-Jun-2024 16:27:42] NOTICE: ready to handle connections
[21-Jun-2024 00:20:59] NOTICE: Terminating ...
[21-Jun-2024 00:20:59] NOTICE: Terminating ...
[21-Jun-2024 00:20:59] NOTICE: exiting, bye-bye!
[24-Jun-2024 08:35:21] NOTICE: fpm is running, pid 47362
[24-Jun-2024 08:35:21] NOTICE: ready to handle connections
[27-Jun-2024 09:36:48] NOTICE: Terminating ...
[27-Jun-2024 09:36:48] NOTICE: Terminating ...
[27-Jun-2024 09:36:48] NOTICE: exiting, bye-bye!
[01-Jul-2024 08:44:02] NOTICE: fpm is running, pid 72757
[01-Jul-2024 08:44:02] NOTICE: ready to handle connections
