[17-Jun-2024 14:49:14 UTC] PHP Warning:  Undefined array key "backgroundColor" in /Users/rano/Desktop/wp-playground/app/public/wp-content/plugins/axmyplugin/axmyplugin.php on line 134
[17-Jun-2024 14:49:14 UTC] PHP Warning:  Undefined array key "textColor" in /Users/rano/Desktop/wp-playground/app/public/wp-content/plugins/axmyplugin/axmyplugin.php on line 134
[17-Jun-2024 14:49:15 UTC] PHP Warning:  Undefined array key "backgroundColor" in /Users/rano/Desktop/wp-playground/app/public/wp-content/plugins/axmyplugin/axmyplugin.php on line 134
[17-Jun-2024 14:49:15 UTC] PHP Warning:  Undefined array key "textColor" in /Users/rano/Desktop/wp-playground/app/public/wp-content/plugins/axmyplugin/axmyplugin.php on line 134
[18-Jun-2024 07:13:55 UTC] PHP Warning:  Undefined array key "backgroundColor" in /Users/rano/Desktop/wp-playground/app/public/wp-content/plugins/axmyplugin/axmyplugin.php on line 134
[18-Jun-2024 07:13:55 UTC] PHP Warning:  Undefined array key "textColor" in /Users/rano/Desktop/wp-playground/app/public/wp-content/plugins/axmyplugin/axmyplugin.php on line 134
[18-Jun-2024 07:18:17 UTC] PHP Warning:  Undefined array key "backgroundColor" in /Users/rano/Desktop/wp-playground/app/public/wp-content/plugins/axmyplugin/axmyplugin.php on line 134
[18-Jun-2024 07:18:17 UTC] PHP Warning:  Undefined array key "textColor" in /Users/rano/Desktop/wp-playground/app/public/wp-content/plugins/axmyplugin/axmyplugin.php on line 134
[18-Jun-2024 07:18:17 UTC] PHP Warning:  Undefined array key "backgroundColor" in /Users/rano/Desktop/wp-playground/app/public/wp-content/plugins/axmyplugin/axmyplugin.php on line 134
[18-Jun-2024 07:18:17 UTC] PHP Warning:  Undefined array key "textColor" in /Users/rano/Desktop/wp-playground/app/public/wp-content/plugins/axmyplugin/axmyplugin.php on line 134
[18-Jun-2024 07:18:18 UTC] PHP Warning:  Undefined array key "backgroundColor" in /Users/rano/Desktop/wp-playground/app/public/wp-content/plugins/axmyplugin/axmyplugin.php on line 134
[18-Jun-2024 07:18:18 UTC] PHP Warning:  Undefined array key "textColor" in /Users/rano/Desktop/wp-playground/app/public/wp-content/plugins/axmyplugin/axmyplugin.php on line 134
[18-Jun-2024 14:34:40 UTC] PHP Warning:  An unexpected error occurred. Something may be wrong with WordPress.org or this server&#8217;s configuration. If you continue to have problems, please try the <a href="https://wordpress.org/support/forums/">support forums</a>. (WordPress could not establish a secure connection to WordPress.org. Please contact your server administrator.) in /Users/rano/Desktop/wp-playground/app/public/wp-admin/includes/update.php on line 154
[18-Jun-2024 14:34:40 UTC] PHP Warning:  An unexpected error occurred. Something may be wrong with WordPress.org or this server&#8217;s configuration. If you continue to have problems, please try the <a href="https://wordpress.org/support/forums/">support forums</a>. (WordPress could not establish a secure connection to WordPress.org. Please contact your server administrator.) in /Users/rano/Desktop/wp-playground/app/public/wp-includes/update.php on line 211
[18-Jun-2024 14:34:40 UTC] PHP Warning:  An unexpected error occurred. Something may be wrong with WordPress.org or this server&#8217;s configuration. If you continue to have problems, please try the <a href="https://wordpress.org/support/forums/">support forums</a>. (WordPress could not establish a secure connection to WordPress.org. Please contact your server administrator.) in /Users/rano/Desktop/wp-playground/app/public/wp-includes/update.php on line 449
[18-Jun-2024 14:34:40 UTC] PHP Warning:  An unexpected error occurred. Something may be wrong with WordPress.org or this server&#8217;s configuration. If you continue to have problems, please try the <a href="https://wordpress.org/support/forums/">support forums</a>. (WordPress could not establish a secure connection to WordPress.org. Please contact your server administrator.) in /Users/rano/Desktop/wp-playground/app/public/wp-includes/update.php on line 730
[19-Jun-2024 14:27:41 UTC] PHP Warning:  mysqli_real_connect(): (HY000/2002): No such file or directory in /Users/rano/Desktop/wp-playground/app/public/wp-includes/class-wpdb.php on line 1987
[19-Jun-2024 14:27:42 UTC] PHP Warning:  mysqli_real_connect(): (HY000/2002): No such file or directory in /Users/rano/Desktop/wp-playground/app/public/wp-includes/class-wpdb.php on line 1987
[19-Jun-2024 14:27:42 UTC] PHP Warning:  mysqli_real_connect(): (HY000/2002): No such file or directory in /Users/rano/Desktop/wp-playground/app/public/wp-includes/class-wpdb.php on line 1987
[19-Jun-2024 14:29:50 UTC] PHP Warning:  Cannot modify header information - headers already sent by (output started at /Users/rano/Desktop/wp-playground/app/public/wp-includes/script-loader.php:2938) in /Users/rano/Desktop/wp-playground/app/public/wp-admin/upgrade.php on line 57
[19-Jun-2024 14:29:50 UTC] PHP Warning:  Undefined variable $wp_db_version in /Users/rano/Desktop/wp-playground/app/public/wp-admin/upgrade.php on line 71
[20-Jun-2024 09:30:46 UTC] PHP Warning:  An unexpected error occurred. Something may be wrong with WordPress.org or this server&#8217;s configuration. If you continue to have problems, please try the <a href="https://wordpress.org/support/forums/">support forums</a>. (WordPress could not establish a secure connection to WordPress.org. Please contact your server administrator.) in /Users/rano/Desktop/wp-playground/app/public/wp-includes/update.php on line 211
[20-Jun-2024 09:30:46 UTC] PHP Warning:  An unexpected error occurred. Something may be wrong with WordPress.org or this server&#8217;s configuration. If you continue to have problems, please try the <a href="https://wordpress.org/support/forums/">support forums</a>. (WordPress could not establish a secure connection to WordPress.org. Please contact your server administrator.) in /Users/rano/Desktop/wp-playground/app/public/wp-includes/update.php on line 449
[20-Jun-2024 09:30:46 UTC] PHP Warning:  An unexpected error occurred. Something may be wrong with WordPress.org or this server&#8217;s configuration. If you continue to have problems, please try the <a href="https://wordpress.org/support/forums/">support forums</a>. (WordPress could not establish a secure connection to WordPress.org. Please contact your server administrator.) in /Users/rano/Desktop/wp-playground/app/public/wp-includes/update.php on line 730
[20-Jun-2024 09:30:51 UTC] PHP Warning:  An unexpected error occurred. Something may be wrong with WordPress.org or this server&#8217;s configuration. If you continue to have problems, please try the <a href="https://wordpress.org/support/forums/">support forums</a>. (WordPress could not establish a secure connection to WordPress.org. Please contact your server administrator.) in /Users/rano/Desktop/wp-playground/app/public/wp-admin/includes/translation-install.php on line 68
